<?xml version="1.0" encoding="UTF-8"?>
<testng-results skipped="5" failed="0" ignored="0" total="5" passed="0">
  <reporter-output>
  </reporter-output>
  <suite name="Default suite" duration-ms="3504" started-at="2021-09-29T21:13:17Z" finished-at="2021-09-29T21:13:20Z">
    <groups>
    </groups>
    <test name="Default test" duration-ms="3504" started-at="2021-09-29T21:13:17Z" finished-at="2021-09-29T21:13:20Z">
      <class name="com.sanyam.testproject.LoginPageTest">
        <test-method status="PASS" signature="Z()[pri:0, instance:com.sanyam.testproject.LoginPageTest@59fa1d9b]" name="Z" is-config="true" duration-ms="13" started-at="2021-09-30T02:43:17Z" finished-at="2021-09-30T02:43:17Z">
          <reporter-output>
          </reporter-output>
        </test-method> <!-- Z -->
        <test-method status="FAIL" signature="setUp(org.testng.ITestContext)[pri:0, instance:com.sanyam.testproject.LoginPageTest@59fa1d9b]" name="setUp" is-config="true" duration-ms="3402" started-at="2021-09-30T02:43:17Z" finished-at="2021-09-30T02:43:20Z">
          <params>
            <param index="0">
              <value>
                <![CDATA[org.testng.TestRunner@242b836]]>
              </value>
            </param>
          </params>
          <exception class="org.openqa.selenium.SessionNotCreatedException">
            <message>
              <![CDATA[session not created: This version of ChromeDriver only supports Chrome version 88
Current browser version is 94.0.4606.61 with binary path C:\Program Files (x86)\Google\Chrome\Application\chrome.exe
Build info: version: '3.141.59', revision: 'e82be7d358', time: '2018-11-14T08:17:03'
System info: host: 'SAKSHI', ip: '127.0.0.1', os.name: 'Windows 10', os.arch: 'amd64', os.version: '10.0', java.version: '1.8.0_181'
Driver info: driver.version: ChromeDriver
remote stacktrace: Backtrace:
	GetHandleVerifier [0x00B4B963+483]
	GetHandleVerifier [0x00B4B941+449]
	GetHandleVerifier [0x00EF3308+3832712]
	GetHandleVerifier [0x00F0D69A+3940122]
	GetHandleVerifier [0x00F09AFB+3924859]
	GetHandleVerifier [0x00F07D9C+3917340]
	GetHandleVerifier [0x00F2E7FE+4075646]
	GetHandleVerifier [0x00F2E56C+4074988]
	GetHandleVerifier [0x00F2B2EB+4062059]
	GetHandleVerifier [0x00F0ED14+3945876]
	GetHandleVerifier [0x00F0FBCE+3949646]
	GetHandleVerifier [0x00F0FB59+3949529]
	Ordinal0 [0x00B0B5CC+46540]
	Ordinal0 [0x00B09F53+40787]
	Ordinal0 [0x00B09B12+39698]
	GetHandleVerifier [0x00E11468+2907368]
	GetHandleVerifier [0x00C571EE+1096302]
	GetHandleVerifier [0x00C13E8D+821005]
	GetHandleVerifier [0x00C1396B+819691]
	GetHandleVerifier [0x00C13881+819457]
	GetHandleVerifier [0x00C3F463+998627]
	BaseThreadInitThunk [0x7595FA29+25]
	RtlGetAppContainerNamedObjectPath [0x774E7A9E+286]
	RtlGetAppContainerNamedObjectPath [0x774E7A6E+238]
]]>
            </message>
            <full-stacktrace>
              <![CDATA[org.openqa.selenium.SessionNotCreatedException: session not created: This version of ChromeDriver only supports Chrome version 88
Current browser version is 94.0.4606.61 with binary path C:\Program Files (x86)\Google\Chrome\Application\chrome.exe
Build info: version: '3.141.59', revision: 'e82be7d358', time: '2018-11-14T08:17:03'
System info: host: 'SAKSHI', ip: '127.0.0.1', os.name: 'Windows 10', os.arch: 'amd64', os.version: '10.0', java.version: '1.8.0_181'
Driver info: driver.version: ChromeDriver
remote stacktrace: Backtrace:
	GetHandleVerifier [0x00B4B963+483]
	GetHandleVerifier [0x00B4B941+449]
	GetHandleVerifier [0x00EF3308+3832712]
	GetHandleVerifier [0x00F0D69A+3940122]
	GetHandleVerifier [0x00F09AFB+3924859]
	GetHandleVerifier [0x00F07D9C+3917340]
	GetHandleVerifier [0x00F2E7FE+4075646]
	GetHandleVerifier [0x00F2E56C+4074988]
	GetHandleVerifier [0x00F2B2EB+4062059]
	GetHandleVerifier [0x00F0ED14+3945876]
	GetHandleVerifier [0x00F0FBCE+3949646]
	GetHandleVerifier [0x00F0FB59+3949529]
	Ordinal0 [0x00B0B5CC+46540]
	Ordinal0 [0x00B09F53+40787]
	Ordinal0 [0x00B09B12+39698]
	GetHandleVerifier [0x00E11468+2907368]
	GetHandleVerifier [0x00C571EE+1096302]
	GetHandleVerifier [0x00C13E8D+821005]
	GetHandleVerifier [0x00C1396B+819691]
	GetHandleVerifier [0x00C13881+819457]
	GetHandleVerifier [0x00C3F463+998627]
	BaseThreadInitThunk [0x7595FA29+25]
	RtlGetAppContainerNamedObjectPath [0x774E7A9E+286]
	RtlGetAppContainerNamedObjectPath [0x774E7A6E+238]

	at sun.reflect.NativeConstructorAccessorImpl.newInstance0(Native Method)
	at sun.reflect.NativeConstructorAccessorImpl.newInstance(NativeConstructorAccessorImpl.java:62)
	at sun.reflect.DelegatingConstructorAccessorImpl.newInstance(DelegatingConstructorAccessorImpl.java:45)
	at java.lang.reflect.Constructor.newInstance(Constructor.java:423)
	at org.openqa.selenium.remote.W3CHandshakeResponse.lambda$errorHandler$0(W3CHandshakeResponse.java:62)
	at org.openqa.selenium.remote.HandshakeResponse.lambda$getResponseFunction$0(HandshakeResponse.java:30)
	at org.openqa.selenium.remote.ProtocolHandshake.lambda$createSession$0(ProtocolHandshake.java:126)
	at java.util.stream.ReferencePipeline$3$1.accept(ReferencePipeline.java:193)
	at java.util.Spliterators$ArraySpliterator.tryAdvance(Spliterators.java:958)
	at java.util.stream.ReferencePipeline.forEachWithCancel(ReferencePipeline.java:126)
	at java.util.stream.AbstractPipeline.copyIntoWithCancel(AbstractPipeline.java:498)
	at java.util.stream.AbstractPipeline.copyInto(AbstractPipeline.java:485)
	at java.util.stream.AbstractPipeline.wrapAndCopyInto(AbstractPipeline.java:471)
	at java.util.stream.FindOps$FindOp.evaluateSequential(FindOps.java:152)
	at java.util.stream.AbstractPipeline.evaluate(AbstractPipeline.java:234)
	at java.util.stream.ReferencePipeline.findFirst(ReferencePipeline.java:464)
	at org.openqa.selenium.remote.ProtocolHandshake.createSession(ProtocolHandshake.java:128)
	at org.openqa.selenium.remote.ProtocolHandshake.createSession(ProtocolHandshake.java:74)
	at org.openqa.selenium.remote.HttpCommandExecutor.execute(HttpCommandExecutor.java:136)
	at org.openqa.selenium.remote.service.DriverCommandExecutor.execute(DriverCommandExecutor.java:83)
	at org.openqa.selenium.remote.RemoteWebDriver.execute(RemoteWebDriver.java:552)
	at org.openqa.selenium.remote.RemoteWebDriver.startSession(RemoteWebDriver.java:213)
	at org.openqa.selenium.remote.RemoteWebDriver.<init>(RemoteWebDriver.java:131)
	at org.openqa.selenium.chrome.ChromeDriver.<init>(ChromeDriver.java:181)
	at org.openqa.selenium.chrome.ChromeDriver.<init>(ChromeDriver.java:168)
	at org.openqa.selenium.chrome.ChromeDriver.<init>(ChromeDriver.java:123)
	at com.sanyam.frameworkpackage.BrowserFactory.getDriver(BrowserFactory.java:39)
	at com.sanyam.testproject.LoginPageTest.setUp(LoginPageTest.java:36)
	at sun.reflect.NativeMethodAccessorImpl.invoke0(Native Method)
	at sun.reflect.NativeMethodAccessorImpl.invoke(NativeMethodAccessorImpl.java:62)
	at sun.reflect.DelegatingMethodAccessorImpl.invoke(DelegatingMethodAccessorImpl.java:43)
	at java.lang.reflect.Method.invoke(Method.java:498)
	at org.testng.internal.MethodInvocationHelper.invokeMethod(MethodInvocationHelper.java:108)
	at org.testng.internal.Invoker.invokeConfigurationMethod(Invoker.java:523)
	at org.testng.internal.Invoker.invokeConfigurations(Invoker.java:224)
	at org.testng.internal.Invoker.invokeConfigurations(Invoker.java:146)
	at org.testng.internal.TestMethodWorker.invokeBeforeClassMethods(TestMethodWorker.java:166)
	at org.testng.internal.TestMethodWorker.run(TestMethodWorker.java:105)
	at org.testng.TestRunner.privateRun(TestRunner.java:744)
	at org.testng.TestRunner.run(TestRunner.java:602)
	at org.testng.SuiteRunner.runTest(SuiteRunner.java:380)
	at org.testng.SuiteRunner.runSequentially(SuiteRunner.java:375)
	at org.testng.SuiteRunner.privateRun(SuiteRunner.java:340)
	at org.testng.SuiteRunner.run(SuiteRunner.java:289)
	at org.testng.SuiteRunnerWorker.runSuite(SuiteRunnerWorker.java:52)
	at org.testng.SuiteRunnerWorker.run(SuiteRunnerWorker.java:86)
	at org.testng.TestNG.runSuitesSequentially(TestNG.java:1301)
	at org.testng.TestNG.runSuitesLocally(TestNG.java:1226)
	at org.testng.TestNG.runSuites(TestNG.java:1144)
	at org.testng.TestNG.run(TestNG.java:1115)
	at org.testng.remote.AbstractRemoteTestNG.run(AbstractRemoteTestNG.java:132)
	at org.testng.remote.RemoteTestNG.initAndRun(RemoteTestNG.java:230)
	at org.testng.remote.RemoteTestNG.main(RemoteTestNG.java:76)
]]>
            </full-stacktrace>
          </exception> <!-- org.openqa.selenium.SessionNotCreatedException -->
          <reporter-output>
          </reporter-output>
        </test-method> <!-- setUp -->
        <test-method status="SKIP" signature="loginFreeCRM()[pri:0, instance:com.sanyam.testproject.LoginPageTest@59fa1d9b]" name="loginFreeCRM" duration-ms="1" started-at="2021-09-30T02:43:20Z" finished-at="2021-09-30T02:43:20Z">
          <exception class="org.openqa.selenium.SessionNotCreatedException">
            <message>
              <![CDATA[session not created: This version of ChromeDriver only supports Chrome version 88
Current browser version is 94.0.4606.61 with binary path C:\Program Files (x86)\Google\Chrome\Application\chrome.exe
Build info: version: '3.141.59', revision: 'e82be7d358', time: '2018-11-14T08:17:03'
System info: host: 'SAKSHI', ip: '127.0.0.1', os.name: 'Windows 10', os.arch: 'amd64', os.version: '10.0', java.version: '1.8.0_181'
Driver info: driver.version: ChromeDriver
remote stacktrace: Backtrace:
	GetHandleVerifier [0x00B4B963+483]
	GetHandleVerifier [0x00B4B941+449]
	GetHandleVerifier [0x00EF3308+3832712]
	GetHandleVerifier [0x00F0D69A+3940122]
	GetHandleVerifier [0x00F09AFB+3924859]
	GetHandleVerifier [0x00F07D9C+3917340]
	GetHandleVerifier [0x00F2E7FE+4075646]
	GetHandleVerifier [0x00F2E56C+4074988]
	GetHandleVerifier [0x00F2B2EB+4062059]
	GetHandleVerifier [0x00F0ED14+3945876]
	GetHandleVerifier [0x00F0FBCE+3949646]
	GetHandleVerifier [0x00F0FB59+3949529]
	Ordinal0 [0x00B0B5CC+46540]
	Ordinal0 [0x00B09F53+40787]
	Ordinal0 [0x00B09B12+39698]
	GetHandleVerifier [0x00E11468+2907368]
	GetHandleVerifier [0x00C571EE+1096302]
	GetHandleVerifier [0x00C13E8D+821005]
	GetHandleVerifier [0x00C1396B+819691]
	GetHandleVerifier [0x00C13881+819457]
	GetHandleVerifier [0x00C3F463+998627]
	BaseThreadInitThunk [0x7595FA29+25]
	RtlGetAppContainerNamedObjectPath [0x774E7A9E+286]
	RtlGetAppContainerNamedObjectPath [0x774E7A6E+238]
]]>
            </message>
            <full-stacktrace>
              <![CDATA[org.openqa.selenium.SessionNotCreatedException: session not created: This version of ChromeDriver only supports Chrome version 88
Current browser version is 94.0.4606.61 with binary path C:\Program Files (x86)\Google\Chrome\Application\chrome.exe
Build info: version: '3.141.59', revision: 'e82be7d358', time: '2018-11-14T08:17:03'
System info: host: 'SAKSHI', ip: '127.0.0.1', os.name: 'Windows 10', os.arch: 'amd64', os.version: '10.0', java.version: '1.8.0_181'
Driver info: driver.version: ChromeDriver
remote stacktrace: Backtrace:
	GetHandleVerifier [0x00B4B963+483]
	GetHandleVerifier [0x00B4B941+449]
	GetHandleVerifier [0x00EF3308+3832712]
	GetHandleVerifier [0x00F0D69A+3940122]
	GetHandleVerifier [0x00F09AFB+3924859]
	GetHandleVerifier [0x00F07D9C+3917340]
	GetHandleVerifier [0x00F2E7FE+4075646]
	GetHandleVerifier [0x00F2E56C+4074988]
	GetHandleVerifier [0x00F2B2EB+4062059]
	GetHandleVerifier [0x00F0ED14+3945876]
	GetHandleVerifier [0x00F0FBCE+3949646]
	GetHandleVerifier [0x00F0FB59+3949529]
	Ordinal0 [0x00B0B5CC+46540]
	Ordinal0 [0x00B09F53+40787]
	Ordinal0 [0x00B09B12+39698]
	GetHandleVerifier [0x00E11468+2907368]
	GetHandleVerifier [0x00C571EE+1096302]
	GetHandleVerifier [0x00C13E8D+821005]
	GetHandleVerifier [0x00C1396B+819691]
	GetHandleVerifier [0x00C13881+819457]
	GetHandleVerifier [0x00C3F463+998627]
	BaseThreadInitThunk [0x7595FA29+25]
	RtlGetAppContainerNamedObjectPath [0x774E7A9E+286]
	RtlGetAppContainerNamedObjectPath [0x774E7A6E+238]

	at sun.reflect.NativeConstructorAccessorImpl.newInstance0(Native Method)
	at sun.reflect.NativeConstructorAccessorImpl.newInstance(NativeConstructorAccessorImpl.java:62)
	at sun.reflect.DelegatingConstructorAccessorImpl.newInstance(DelegatingConstructorAccessorImpl.java:45)
	at java.lang.reflect.Constructor.newInstance(Constructor.java:423)
	at org.openqa.selenium.remote.W3CHandshakeResponse.lambda$errorHandler$0(W3CHandshakeResponse.java:62)
	at org.openqa.selenium.remote.HandshakeResponse.lambda$getResponseFunction$0(HandshakeResponse.java:30)
	at org.openqa.selenium.remote.ProtocolHandshake.lambda$createSession$0(ProtocolHandshake.java:126)
	at java.util.stream.ReferencePipeline$3$1.accept(ReferencePipeline.java:193)
	at java.util.Spliterators$ArraySpliterator.tryAdvance(Spliterators.java:958)
	at java.util.stream.ReferencePipeline.forEachWithCancel(ReferencePipeline.java:126)
	at java.util.stream.AbstractPipeline.copyIntoWithCancel(AbstractPipeline.java:498)
	at java.util.stream.AbstractPipeline.copyInto(AbstractPipeline.java:485)
	at java.util.stream.AbstractPipeline.wrapAndCopyInto(AbstractPipeline.java:471)
	at java.util.stream.FindOps$FindOp.evaluateSequential(FindOps.java:152)
	at java.util.stream.AbstractPipeline.evaluate(AbstractPipeline.java:234)
	at java.util.stream.ReferencePipeline.findFirst(ReferencePipeline.java:464)
	at org.openqa.selenium.remote.ProtocolHandshake.createSession(ProtocolHandshake.java:128)
	at org.openqa.selenium.remote.ProtocolHandshake.createSession(ProtocolHandshake.java:74)
	at org.openqa.selenium.remote.HttpCommandExecutor.execute(HttpCommandExecutor.java:136)
	at org.openqa.selenium.remote.service.DriverCommandExecutor.execute(DriverCommandExecutor.java:83)
	at org.openqa.selenium.remote.RemoteWebDriver.execute(RemoteWebDriver.java:552)
	at org.openqa.selenium.remote.RemoteWebDriver.startSession(RemoteWebDriver.java:213)
	at org.openqa.selenium.remote.RemoteWebDriver.<init>(RemoteWebDriver.java:131)
	at org.openqa.selenium.chrome.ChromeDriver.<init>(ChromeDriver.java:181)
	at org.openqa.selenium.chrome.ChromeDriver.<init>(ChromeDriver.java:168)
	at org.openqa.selenium.chrome.ChromeDriver.<init>(ChromeDriver.java:123)
	at com.sanyam.frameworkpackage.BrowserFactory.getDriver(BrowserFactory.java:39)
	at com.sanyam.testproject.LoginPageTest.setUp(LoginPageTest.java:36)
	at sun.reflect.NativeMethodAccessorImpl.invoke0(Native Method)
	at sun.reflect.NativeMethodAccessorImpl.invoke(NativeMethodAccessorImpl.java:62)
	at sun.reflect.DelegatingMethodAccessorImpl.invoke(DelegatingMethodAccessorImpl.java:43)
	at java.lang.reflect.Method.invoke(Method.java:498)
	at org.testng.internal.MethodInvocationHelper.invokeMethod(MethodInvocationHelper.java:108)
	at org.testng.internal.Invoker.invokeConfigurationMethod(Invoker.java:523)
	at org.testng.internal.Invoker.invokeConfigurations(Invoker.java:224)
	at org.testng.internal.Invoker.invokeConfigurations(Invoker.java:146)
	at org.testng.internal.TestMethodWorker.invokeBeforeClassMethods(TestMethodWorker.java:166)
	at org.testng.internal.TestMethodWorker.run(TestMethodWorker.java:105)
	at org.testng.TestRunner.privateRun(TestRunner.java:744)
	at org.testng.TestRunner.run(TestRunner.java:602)
	at org.testng.SuiteRunner.runTest(SuiteRunner.java:380)
	at org.testng.SuiteRunner.runSequentially(SuiteRunner.java:375)
	at org.testng.SuiteRunner.privateRun(SuiteRunner.java:340)
	at org.testng.SuiteRunner.run(SuiteRunner.java:289)
	at org.testng.SuiteRunnerWorker.runSuite(SuiteRunnerWorker.java:52)
	at org.testng.SuiteRunnerWorker.run(SuiteRunnerWorker.java:86)
	at org.testng.TestNG.runSuitesSequentially(TestNG.java:1301)
	at org.testng.TestNG.runSuitesLocally(TestNG.java:1226)
	at org.testng.TestNG.runSuites(TestNG.java:1144)
	at org.testng.TestNG.run(TestNG.java:1115)
	at org.testng.remote.AbstractRemoteTestNG.run(AbstractRemoteTestNG.java:132)
	at org.testng.remote.RemoteTestNG.initAndRun(RemoteTestNG.java:230)
	at org.testng.remote.RemoteTestNG.main(RemoteTestNG.java:76)
]]>
            </full-stacktrace>
          </exception> <!-- org.openqa.selenium.SessionNotCreatedException -->
          <reporter-output>
          </reporter-output>
        </test-method> <!-- loginFreeCRM -->
        <test-method status="SKIP" signature="testSuccess()[pri:1, instance:com.sanyam.testproject.LoginPageTest@59fa1d9b]" name="testSuccess" duration-ms="0" started-at="2021-09-30T02:43:20Z" finished-at="2021-09-30T02:43:20Z">
          <exception class="org.openqa.selenium.SessionNotCreatedException">
            <message>
              <![CDATA[session not created: This version of ChromeDriver only supports Chrome version 88
Current browser version is 94.0.4606.61 with binary path C:\Program Files (x86)\Google\Chrome\Application\chrome.exe
Build info: version: '3.141.59', revision: 'e82be7d358', time: '2018-11-14T08:17:03'
System info: host: 'SAKSHI', ip: '127.0.0.1', os.name: 'Windows 10', os.arch: 'amd64', os.version: '10.0', java.version: '1.8.0_181'
Driver info: driver.version: ChromeDriver
remote stacktrace: Backtrace:
	GetHandleVerifier [0x00B4B963+483]
	GetHandleVerifier [0x00B4B941+449]
	GetHandleVerifier [0x00EF3308+3832712]
	GetHandleVerifier [0x00F0D69A+3940122]
	GetHandleVerifier [0x00F09AFB+3924859]
	GetHandleVerifier [0x00F07D9C+3917340]
	GetHandleVerifier [0x00F2E7FE+4075646]
	GetHandleVerifier [0x00F2E56C+4074988]
	GetHandleVerifier [0x00F2B2EB+4062059]
	GetHandleVerifier [0x00F0ED14+3945876]
	GetHandleVerifier [0x00F0FBCE+3949646]
	GetHandleVerifier [0x00F0FB59+3949529]
	Ordinal0 [0x00B0B5CC+46540]
	Ordinal0 [0x00B09F53+40787]
	Ordinal0 [0x00B09B12+39698]
	GetHandleVerifier [0x00E11468+2907368]
	GetHandleVerifier [0x00C571EE+1096302]
	GetHandleVerifier [0x00C13E8D+821005]
	GetHandleVerifier [0x00C1396B+819691]
	GetHandleVerifier [0x00C13881+819457]
	GetHandleVerifier [0x00C3F463+998627]
	BaseThreadInitThunk [0x7595FA29+25]
	RtlGetAppContainerNamedObjectPath [0x774E7A9E+286]
	RtlGetAppContainerNamedObjectPath [0x774E7A6E+238]
]]>
            </message>
            <full-stacktrace>
              <![CDATA[org.openqa.selenium.SessionNotCreatedException: session not created: This version of ChromeDriver only supports Chrome version 88
Current browser version is 94.0.4606.61 with binary path C:\Program Files (x86)\Google\Chrome\Application\chrome.exe
Build info: version: '3.141.59', revision: 'e82be7d358', time: '2018-11-14T08:17:03'
System info: host: 'SAKSHI', ip: '127.0.0.1', os.name: 'Windows 10', os.arch: 'amd64', os.version: '10.0', java.version: '1.8.0_181'
Driver info: driver.version: ChromeDriver
remote stacktrace: Backtrace:
	GetHandleVerifier [0x00B4B963+483]
	GetHandleVerifier [0x00B4B941+449]
	GetHandleVerifier [0x00EF3308+3832712]
	GetHandleVerifier [0x00F0D69A+3940122]
	GetHandleVerifier [0x00F09AFB+3924859]
	GetHandleVerifier [0x00F07D9C+3917340]
	GetHandleVerifier [0x00F2E7FE+4075646]
	GetHandleVerifier [0x00F2E56C+4074988]
	GetHandleVerifier [0x00F2B2EB+4062059]
	GetHandleVerifier [0x00F0ED14+3945876]
	GetHandleVerifier [0x00F0FBCE+3949646]
	GetHandleVerifier [0x00F0FB59+3949529]
	Ordinal0 [0x00B0B5CC+46540]
	Ordinal0 [0x00B09F53+40787]
	Ordinal0 [0x00B09B12+39698]
	GetHandleVerifier [0x00E11468+2907368]
	GetHandleVerifier [0x00C571EE+1096302]
	GetHandleVerifier [0x00C13E8D+821005]
	GetHandleVerifier [0x00C1396B+819691]
	GetHandleVerifier [0x00C13881+819457]
	GetHandleVerifier [0x00C3F463+998627]
	BaseThreadInitThunk [0x7595FA29+25]
	RtlGetAppContainerNamedObjectPath [0x774E7A9E+286]
	RtlGetAppContainerNamedObjectPath [0x774E7A6E+238]

	at sun.reflect.NativeConstructorAccessorImpl.newInstance0(Native Method)
	at sun.reflect.NativeConstructorAccessorImpl.newInstance(NativeConstructorAccessorImpl.java:62)
	at sun.reflect.DelegatingConstructorAccessorImpl.newInstance(DelegatingConstructorAccessorImpl.java:45)
	at java.lang.reflect.Constructor.newInstance(Constructor.java:423)
	at org.openqa.selenium.remote.W3CHandshakeResponse.lambda$errorHandler$0(W3CHandshakeResponse.java:62)
	at org.openqa.selenium.remote.HandshakeResponse.lambda$getResponseFunction$0(HandshakeResponse.java:30)
	at org.openqa.selenium.remote.ProtocolHandshake.lambda$createSession$0(ProtocolHandshake.java:126)
	at java.util.stream.ReferencePipeline$3$1.accept(ReferencePipeline.java:193)
	at java.util.Spliterators$ArraySpliterator.tryAdvance(Spliterators.java:958)
	at java.util.stream.ReferencePipeline.forEachWithCancel(ReferencePipeline.java:126)
	at java.util.stream.AbstractPipeline.copyIntoWithCancel(AbstractPipeline.java:498)
	at java.util.stream.AbstractPipeline.copyInto(AbstractPipeline.java:485)
	at java.util.stream.AbstractPipeline.wrapAndCopyInto(AbstractPipeline.java:471)
	at java.util.stream.FindOps$FindOp.evaluateSequential(FindOps.java:152)
	at java.util.stream.AbstractPipeline.evaluate(AbstractPipeline.java:234)
	at java.util.stream.ReferencePipeline.findFirst(ReferencePipeline.java:464)
	at org.openqa.selenium.remote.ProtocolHandshake.createSession(ProtocolHandshake.java:128)
	at org.openqa.selenium.remote.ProtocolHandshake.createSession(ProtocolHandshake.java:74)
	at org.openqa.selenium.remote.HttpCommandExecutor.execute(HttpCommandExecutor.java:136)
	at org.openqa.selenium.remote.service.DriverCommandExecutor.execute(DriverCommandExecutor.java:83)
	at org.openqa.selenium.remote.RemoteWebDriver.execute(RemoteWebDriver.java:552)
	at org.openqa.selenium.remote.RemoteWebDriver.startSession(RemoteWebDriver.java:213)
	at org.openqa.selenium.remote.RemoteWebDriver.<init>(RemoteWebDriver.java:131)
	at org.openqa.selenium.chrome.ChromeDriver.<init>(ChromeDriver.java:181)
	at org.openqa.selenium.chrome.ChromeDriver.<init>(ChromeDriver.java:168)
	at org.openqa.selenium.chrome.ChromeDriver.<init>(ChromeDriver.java:123)
	at com.sanyam.frameworkpackage.BrowserFactory.getDriver(BrowserFactory.java:39)
	at com.sanyam.testproject.LoginPageTest.setUp(LoginPageTest.java:36)
	at sun.reflect.NativeMethodAccessorImpl.invoke0(Native Method)
	at sun.reflect.NativeMethodAccessorImpl.invoke(NativeMethodAccessorImpl.java:62)
	at sun.reflect.DelegatingMethodAccessorImpl.invoke(DelegatingMethodAccessorImpl.java:43)
	at java.lang.reflect.Method.invoke(Method.java:498)
	at org.testng.internal.MethodInvocationHelper.invokeMethod(MethodInvocationHelper.java:108)
	at org.testng.internal.Invoker.invokeConfigurationMethod(Invoker.java:523)
	at org.testng.internal.Invoker.invokeConfigurations(Invoker.java:224)
	at org.testng.internal.Invoker.invokeConfigurations(Invoker.java:146)
	at org.testng.internal.TestMethodWorker.invokeBeforeClassMethods(TestMethodWorker.java:166)
	at org.testng.internal.TestMethodWorker.run(TestMethodWorker.java:105)
	at org.testng.TestRunner.privateRun(TestRunner.java:744)
	at org.testng.TestRunner.run(TestRunner.java:602)
	at org.testng.SuiteRunner.runTest(SuiteRunner.java:380)
	at org.testng.SuiteRunner.runSequentially(SuiteRunner.java:375)
	at org.testng.SuiteRunner.privateRun(SuiteRunner.java:340)
	at org.testng.SuiteRunner.run(SuiteRunner.java:289)
	at org.testng.SuiteRunnerWorker.runSuite(SuiteRunnerWorker.java:52)
	at org.testng.SuiteRunnerWorker.run(SuiteRunnerWorker.java:86)
	at org.testng.TestNG.runSuitesSequentially(TestNG.java:1301)
	at org.testng.TestNG.runSuitesLocally(TestNG.java:1226)
	at org.testng.TestNG.runSuites(TestNG.java:1144)
	at org.testng.TestNG.run(TestNG.java:1115)
	at org.testng.remote.AbstractRemoteTestNG.run(AbstractRemoteTestNG.java:132)
	at org.testng.remote.RemoteTestNG.initAndRun(RemoteTestNG.java:230)
	at org.testng.remote.RemoteTestNG.main(RemoteTestNG.java:76)
]]>
            </full-stacktrace>
          </exception> <!-- org.openqa.selenium.SessionNotCreatedException -->
          <reporter-output>
          </reporter-output>
        </test-method> <!-- testSuccess -->
        <test-method status="SKIP" signature="testCase2()[pri:2, instance:com.sanyam.testproject.LoginPageTest@59fa1d9b]" name="testCase2" duration-ms="0" started-at="2021-09-30T02:43:20Z" finished-at="2021-09-30T02:43:20Z">
          <exception class="org.openqa.selenium.SessionNotCreatedException">
            <message>
              <![CDATA[session not created: This version of ChromeDriver only supports Chrome version 88
Current browser version is 94.0.4606.61 with binary path C:\Program Files (x86)\Google\Chrome\Application\chrome.exe
Build info: version: '3.141.59', revision: 'e82be7d358', time: '2018-11-14T08:17:03'
System info: host: 'SAKSHI', ip: '127.0.0.1', os.name: 'Windows 10', os.arch: 'amd64', os.version: '10.0', java.version: '1.8.0_181'
Driver info: driver.version: ChromeDriver
remote stacktrace: Backtrace:
	GetHandleVerifier [0x00B4B963+483]
	GetHandleVerifier [0x00B4B941+449]
	GetHandleVerifier [0x00EF3308+3832712]
	GetHandleVerifier [0x00F0D69A+3940122]
	GetHandleVerifier [0x00F09AFB+3924859]
	GetHandleVerifier [0x00F07D9C+3917340]
	GetHandleVerifier [0x00F2E7FE+4075646]
	GetHandleVerifier [0x00F2E56C+4074988]
	GetHandleVerifier [0x00F2B2EB+4062059]
	GetHandleVerifier [0x00F0ED14+3945876]
	GetHandleVerifier [0x00F0FBCE+3949646]
	GetHandleVerifier [0x00F0FB59+3949529]
	Ordinal0 [0x00B0B5CC+46540]
	Ordinal0 [0x00B09F53+40787]
	Ordinal0 [0x00B09B12+39698]
	GetHandleVerifier [0x00E11468+2907368]
	GetHandleVerifier [0x00C571EE+1096302]
	GetHandleVerifier [0x00C13E8D+821005]
	GetHandleVerifier [0x00C1396B+819691]
	GetHandleVerifier [0x00C13881+819457]
	GetHandleVerifier [0x00C3F463+998627]
	BaseThreadInitThunk [0x7595FA29+25]
	RtlGetAppContainerNamedObjectPath [0x774E7A9E+286]
	RtlGetAppContainerNamedObjectPath [0x774E7A6E+238]
]]>
            </message>
            <full-stacktrace>
              <![CDATA[org.openqa.selenium.SessionNotCreatedException: session not created: This version of ChromeDriver only supports Chrome version 88
Current browser version is 94.0.4606.61 with binary path C:\Program Files (x86)\Google\Chrome\Application\chrome.exe
Build info: version: '3.141.59', revision: 'e82be7d358', time: '2018-11-14T08:17:03'
System info: host: 'SAKSHI', ip: '127.0.0.1', os.name: 'Windows 10', os.arch: 'amd64', os.version: '10.0', java.version: '1.8.0_181'
Driver info: driver.version: ChromeDriver
remote stacktrace: Backtrace:
	GetHandleVerifier [0x00B4B963+483]
	GetHandleVerifier [0x00B4B941+449]
	GetHandleVerifier [0x00EF3308+3832712]
	GetHandleVerifier [0x00F0D69A+3940122]
	GetHandleVerifier [0x00F09AFB+3924859]
	GetHandleVerifier [0x00F07D9C+3917340]
	GetHandleVerifier [0x00F2E7FE+4075646]
	GetHandleVerifier [0x00F2E56C+4074988]
	GetHandleVerifier [0x00F2B2EB+4062059]
	GetHandleVerifier [0x00F0ED14+3945876]
	GetHandleVerifier [0x00F0FBCE+3949646]
	GetHandleVerifier [0x00F0FB59+3949529]
	Ordinal0 [0x00B0B5CC+46540]
	Ordinal0 [0x00B09F53+40787]
	Ordinal0 [0x00B09B12+39698]
	GetHandleVerifier [0x00E11468+2907368]
	GetHandleVerifier [0x00C571EE+1096302]
	GetHandleVerifier [0x00C13E8D+821005]
	GetHandleVerifier [0x00C1396B+819691]
	GetHandleVerifier [0x00C13881+819457]
	GetHandleVerifier [0x00C3F463+998627]
	BaseThreadInitThunk [0x7595FA29+25]
	RtlGetAppContainerNamedObjectPath [0x774E7A9E+286]
	RtlGetAppContainerNamedObjectPath [0x774E7A6E+238]

	at sun.reflect.NativeConstructorAccessorImpl.newInstance0(Native Method)
	at sun.reflect.NativeConstructorAccessorImpl.newInstance(NativeConstructorAccessorImpl.java:62)
	at sun.reflect.DelegatingConstructorAccessorImpl.newInstance(DelegatingConstructorAccessorImpl.java:45)
	at java.lang.reflect.Constructor.newInstance(Constructor.java:423)
	at org.openqa.selenium.remote.W3CHandshakeResponse.lambda$errorHandler$0(W3CHandshakeResponse.java:62)
	at org.openqa.selenium.remote.HandshakeResponse.lambda$getResponseFunction$0(HandshakeResponse.java:30)
	at org.openqa.selenium.remote.ProtocolHandshake.lambda$createSession$0(ProtocolHandshake.java:126)
	at java.util.stream.ReferencePipeline$3$1.accept(ReferencePipeline.java:193)
	at java.util.Spliterators$ArraySpliterator.tryAdvance(Spliterators.java:958)
	at java.util.stream.ReferencePipeline.forEachWithCancel(ReferencePipeline.java:126)
	at java.util.stream.AbstractPipeline.copyIntoWithCancel(AbstractPipeline.java:498)
	at java.util.stream.AbstractPipeline.copyInto(AbstractPipeline.java:485)
	at java.util.stream.AbstractPipeline.wrapAndCopyInto(AbstractPipeline.java:471)
	at java.util.stream.FindOps$FindOp.evaluateSequential(FindOps.java:152)
	at java.util.stream.AbstractPipeline.evaluate(AbstractPipeline.java:234)
	at java.util.stream.ReferencePipeline.findFirst(ReferencePipeline.java:464)
	at org.openqa.selenium.remote.ProtocolHandshake.createSession(ProtocolHandshake.java:128)
	at org.openqa.selenium.remote.ProtocolHandshake.createSession(ProtocolHandshake.java:74)
	at org.openqa.selenium.remote.HttpCommandExecutor.execute(HttpCommandExecutor.java:136)
	at org.openqa.selenium.remote.service.DriverCommandExecutor.execute(DriverCommandExecutor.java:83)
	at org.openqa.selenium.remote.RemoteWebDriver.execute(RemoteWebDriver.java:552)
	at org.openqa.selenium.remote.RemoteWebDriver.startSession(RemoteWebDriver.java:213)
	at org.openqa.selenium.remote.RemoteWebDriver.<init>(RemoteWebDriver.java:131)
	at org.openqa.selenium.chrome.ChromeDriver.<init>(ChromeDriver.java:181)
	at org.openqa.selenium.chrome.ChromeDriver.<init>(ChromeDriver.java:168)
	at org.openqa.selenium.chrome.ChromeDriver.<init>(ChromeDriver.java:123)
	at com.sanyam.frameworkpackage.BrowserFactory.getDriver(BrowserFactory.java:39)
	at com.sanyam.testproject.LoginPageTest.setUp(LoginPageTest.java:36)
	at sun.reflect.NativeMethodAccessorImpl.invoke0(Native Method)
	at sun.reflect.NativeMethodAccessorImpl.invoke(NativeMethodAccessorImpl.java:62)
	at sun.reflect.DelegatingMethodAccessorImpl.invoke(DelegatingMethodAccessorImpl.java:43)
	at java.lang.reflect.Method.invoke(Method.java:498)
	at org.testng.internal.MethodInvocationHelper.invokeMethod(MethodInvocationHelper.java:108)
	at org.testng.internal.Invoker.invokeConfigurationMethod(Invoker.java:523)
	at org.testng.internal.Invoker.invokeConfigurations(Invoker.java:224)
	at org.testng.internal.Invoker.invokeConfigurations(Invoker.java:146)
	at org.testng.internal.TestMethodWorker.invokeBeforeClassMethods(TestMethodWorker.java:166)
	at org.testng.internal.TestMethodWorker.run(TestMethodWorker.java:105)
	at org.testng.TestRunner.privateRun(TestRunner.java:744)
	at org.testng.TestRunner.run(TestRunner.java:602)
	at org.testng.SuiteRunner.runTest(SuiteRunner.java:380)
	at org.testng.SuiteRunner.runSequentially(SuiteRunner.java:375)
	at org.testng.SuiteRunner.privateRun(SuiteRunner.java:340)
	at org.testng.SuiteRunner.run(SuiteRunner.java:289)
	at org.testng.SuiteRunnerWorker.runSuite(SuiteRunnerWorker.java:52)
	at org.testng.SuiteRunnerWorker.run(SuiteRunnerWorker.java:86)
	at org.testng.TestNG.runSuitesSequentially(TestNG.java:1301)
	at org.testng.TestNG.runSuitesLocally(TestNG.java:1226)
	at org.testng.TestNG.runSuites(TestNG.java:1144)
	at org.testng.TestNG.run(TestNG.java:1115)
	at org.testng.remote.AbstractRemoteTestNG.run(AbstractRemoteTestNG.java:132)
	at org.testng.remote.RemoteTestNG.initAndRun(RemoteTestNG.java:230)
	at org.testng.remote.RemoteTestNG.main(RemoteTestNG.java:76)
]]>
            </full-stacktrace>
          </exception> <!-- org.openqa.selenium.SessionNotCreatedException -->
          <reporter-output>
          </reporter-output>
        </test-method> <!-- testCase2 -->
        <test-method status="SKIP" signature="testCase3()[pri:3, instance:com.sanyam.testproject.LoginPageTest@59fa1d9b]" name="testCase3" duration-ms="0" started-at="2021-09-30T02:43:20Z" finished-at="2021-09-30T02:43:20Z">
          <exception class="org.openqa.selenium.SessionNotCreatedException">
            <message>
              <![CDATA[session not created: This version of ChromeDriver only supports Chrome version 88
Current browser version is 94.0.4606.61 with binary path C:\Program Files (x86)\Google\Chrome\Application\chrome.exe
Build info: version: '3.141.59', revision: 'e82be7d358', time: '2018-11-14T08:17:03'
System info: host: 'SAKSHI', ip: '127.0.0.1', os.name: 'Windows 10', os.arch: 'amd64', os.version: '10.0', java.version: '1.8.0_181'
Driver info: driver.version: ChromeDriver
remote stacktrace: Backtrace:
	GetHandleVerifier [0x00B4B963+483]
	GetHandleVerifier [0x00B4B941+449]
	GetHandleVerifier [0x00EF3308+3832712]
	GetHandleVerifier [0x00F0D69A+3940122]
	GetHandleVerifier [0x00F09AFB+3924859]
	GetHandleVerifier [0x00F07D9C+3917340]
	GetHandleVerifier [0x00F2E7FE+4075646]
	GetHandleVerifier [0x00F2E56C+4074988]
	GetHandleVerifier [0x00F2B2EB+4062059]
	GetHandleVerifier [0x00F0ED14+3945876]
	GetHandleVerifier [0x00F0FBCE+3949646]
	GetHandleVerifier [0x00F0FB59+3949529]
	Ordinal0 [0x00B0B5CC+46540]
	Ordinal0 [0x00B09F53+40787]
	Ordinal0 [0x00B09B12+39698]
	GetHandleVerifier [0x00E11468+2907368]
	GetHandleVerifier [0x00C571EE+1096302]
	GetHandleVerifier [0x00C13E8D+821005]
	GetHandleVerifier [0x00C1396B+819691]
	GetHandleVerifier [0x00C13881+819457]
	GetHandleVerifier [0x00C3F463+998627]
	BaseThreadInitThunk [0x7595FA29+25]
	RtlGetAppContainerNamedObjectPath [0x774E7A9E+286]
	RtlGetAppContainerNamedObjectPath [0x774E7A6E+238]
]]>
            </message>
            <full-stacktrace>
              <![CDATA[org.openqa.selenium.SessionNotCreatedException: session not created: This version of ChromeDriver only supports Chrome version 88
Current browser version is 94.0.4606.61 with binary path C:\Program Files (x86)\Google\Chrome\Application\chrome.exe
Build info: version: '3.141.59', revision: 'e82be7d358', time: '2018-11-14T08:17:03'
System info: host: 'SAKSHI', ip: '127.0.0.1', os.name: 'Windows 10', os.arch: 'amd64', os.version: '10.0', java.version: '1.8.0_181'
Driver info: driver.version: ChromeDriver
remote stacktrace: Backtrace:
	GetHandleVerifier [0x00B4B963+483]
	GetHandleVerifier [0x00B4B941+449]
	GetHandleVerifier [0x00EF3308+3832712]
	GetHandleVerifier [0x00F0D69A+3940122]
	GetHandleVerifier [0x00F09AFB+3924859]
	GetHandleVerifier [0x00F07D9C+3917340]
	GetHandleVerifier [0x00F2E7FE+4075646]
	GetHandleVerifier [0x00F2E56C+4074988]
	GetHandleVerifier [0x00F2B2EB+4062059]
	GetHandleVerifier [0x00F0ED14+3945876]
	GetHandleVerifier [0x00F0FBCE+3949646]
	GetHandleVerifier [0x00F0FB59+3949529]
	Ordinal0 [0x00B0B5CC+46540]
	Ordinal0 [0x00B09F53+40787]
	Ordinal0 [0x00B09B12+39698]
	GetHandleVerifier [0x00E11468+2907368]
	GetHandleVerifier [0x00C571EE+1096302]
	GetHandleVerifier [0x00C13E8D+821005]
	GetHandleVerifier [0x00C1396B+819691]
	GetHandleVerifier [0x00C13881+819457]
	GetHandleVerifier [0x00C3F463+998627]
	BaseThreadInitThunk [0x7595FA29+25]
	RtlGetAppContainerNamedObjectPath [0x774E7A9E+286]
	RtlGetAppContainerNamedObjectPath [0x774E7A6E+238]

	at sun.reflect.NativeConstructorAccessorImpl.newInstance0(Native Method)
	at sun.reflect.NativeConstructorAccessorImpl.newInstance(NativeConstructorAccessorImpl.java:62)
	at sun.reflect.DelegatingConstructorAccessorImpl.newInstance(DelegatingConstructorAccessorImpl.java:45)
	at java.lang.reflect.Constructor.newInstance(Constructor.java:423)
	at org.openqa.selenium.remote.W3CHandshakeResponse.lambda$errorHandler$0(W3CHandshakeResponse.java:62)
	at org.openqa.selenium.remote.HandshakeResponse.lambda$getResponseFunction$0(HandshakeResponse.java:30)
	at org.openqa.selenium.remote.ProtocolHandshake.lambda$createSession$0(ProtocolHandshake.java:126)
	at java.util.stream.ReferencePipeline$3$1.accept(ReferencePipeline.java:193)
	at java.util.Spliterators$ArraySpliterator.tryAdvance(Spliterators.java:958)
	at java.util.stream.ReferencePipeline.forEachWithCancel(ReferencePipeline.java:126)
	at java.util.stream.AbstractPipeline.copyIntoWithCancel(AbstractPipeline.java:498)
	at java.util.stream.AbstractPipeline.copyInto(AbstractPipeline.java:485)
	at java.util.stream.AbstractPipeline.wrapAndCopyInto(AbstractPipeline.java:471)
	at java.util.stream.FindOps$FindOp.evaluateSequential(FindOps.java:152)
	at java.util.stream.AbstractPipeline.evaluate(AbstractPipeline.java:234)
	at java.util.stream.ReferencePipeline.findFirst(ReferencePipeline.java:464)
	at org.openqa.selenium.remote.ProtocolHandshake.createSession(ProtocolHandshake.java:128)
	at org.openqa.selenium.remote.ProtocolHandshake.createSession(ProtocolHandshake.java:74)
	at org.openqa.selenium.remote.HttpCommandExecutor.execute(HttpCommandExecutor.java:136)
	at org.openqa.selenium.remote.service.DriverCommandExecutor.execute(DriverCommandExecutor.java:83)
	at org.openqa.selenium.remote.RemoteWebDriver.execute(RemoteWebDriver.java:552)
	at org.openqa.selenium.remote.RemoteWebDriver.startSession(RemoteWebDriver.java:213)
	at org.openqa.selenium.remote.RemoteWebDriver.<init>(RemoteWebDriver.java:131)
	at org.openqa.selenium.chrome.ChromeDriver.<init>(ChromeDriver.java:181)
	at org.openqa.selenium.chrome.ChromeDriver.<init>(ChromeDriver.java:168)
	at org.openqa.selenium.chrome.ChromeDriver.<init>(ChromeDriver.java:123)
	at com.sanyam.frameworkpackage.BrowserFactory.getDriver(BrowserFactory.java:39)
	at com.sanyam.testproject.LoginPageTest.setUp(LoginPageTest.java:36)
	at sun.reflect.NativeMethodAccessorImpl.invoke0(Native Method)
	at sun.reflect.NativeMethodAccessorImpl.invoke(NativeMethodAccessorImpl.java:62)
	at sun.reflect.DelegatingMethodAccessorImpl.invoke(DelegatingMethodAccessorImpl.java:43)
	at java.lang.reflect.Method.invoke(Method.java:498)
	at org.testng.internal.MethodInvocationHelper.invokeMethod(MethodInvocationHelper.java:108)
	at org.testng.internal.Invoker.invokeConfigurationMethod(Invoker.java:523)
	at org.testng.internal.Invoker.invokeConfigurations(Invoker.java:224)
	at org.testng.internal.Invoker.invokeConfigurations(Invoker.java:146)
	at org.testng.internal.TestMethodWorker.invokeBeforeClassMethods(TestMethodWorker.java:166)
	at org.testng.internal.TestMethodWorker.run(TestMethodWorker.java:105)
	at org.testng.TestRunner.privateRun(TestRunner.java:744)
	at org.testng.TestRunner.run(TestRunner.java:602)
	at org.testng.SuiteRunner.runTest(SuiteRunner.java:380)
	at org.testng.SuiteRunner.runSequentially(SuiteRunner.java:375)
	at org.testng.SuiteRunner.privateRun(SuiteRunner.java:340)
	at org.testng.SuiteRunner.run(SuiteRunner.java:289)
	at org.testng.SuiteRunnerWorker.runSuite(SuiteRunnerWorker.java:52)
	at org.testng.SuiteRunnerWorker.run(SuiteRunnerWorker.java:86)
	at org.testng.TestNG.runSuitesSequentially(TestNG.java:1301)
	at org.testng.TestNG.runSuitesLocally(TestNG.java:1226)
	at org.testng.TestNG.runSuites(TestNG.java:1144)
	at org.testng.TestNG.run(TestNG.java:1115)
	at org.testng.remote.AbstractRemoteTestNG.run(AbstractRemoteTestNG.java:132)
	at org.testng.remote.RemoteTestNG.initAndRun(RemoteTestNG.java:230)
	at org.testng.remote.RemoteTestNG.main(RemoteTestNG.java:76)
]]>
            </full-stacktrace>
          </exception> <!-- org.openqa.selenium.SessionNotCreatedException -->
          <reporter-output>
          </reporter-output>
        </test-method> <!-- testCase3 -->
        <test-method status="SKIP" signature="testSkip()[pri:4, instance:com.sanyam.testproject.LoginPageTest@59fa1d9b]" name="testSkip" duration-ms="0" started-at="2021-09-30T02:43:20Z" finished-at="2021-09-30T02:43:20Z">
          <exception class="org.openqa.selenium.SessionNotCreatedException">
            <message>
              <![CDATA[session not created: This version of ChromeDriver only supports Chrome version 88
Current browser version is 94.0.4606.61 with binary path C:\Program Files (x86)\Google\Chrome\Application\chrome.exe
Build info: version: '3.141.59', revision: 'e82be7d358', time: '2018-11-14T08:17:03'
System info: host: 'SAKSHI', ip: '127.0.0.1', os.name: 'Windows 10', os.arch: 'amd64', os.version: '10.0', java.version: '1.8.0_181'
Driver info: driver.version: ChromeDriver
remote stacktrace: Backtrace:
	GetHandleVerifier [0x00B4B963+483]
	GetHandleVerifier [0x00B4B941+449]
	GetHandleVerifier [0x00EF3308+3832712]
	GetHandleVerifier [0x00F0D69A+3940122]
	GetHandleVerifier [0x00F09AFB+3924859]
	GetHandleVerifier [0x00F07D9C+3917340]
	GetHandleVerifier [0x00F2E7FE+4075646]
	GetHandleVerifier [0x00F2E56C+4074988]
	GetHandleVerifier [0x00F2B2EB+4062059]
	GetHandleVerifier [0x00F0ED14+3945876]
	GetHandleVerifier [0x00F0FBCE+3949646]
	GetHandleVerifier [0x00F0FB59+3949529]
	Ordinal0 [0x00B0B5CC+46540]
	Ordinal0 [0x00B09F53+40787]
	Ordinal0 [0x00B09B12+39698]
	GetHandleVerifier [0x00E11468+2907368]
	GetHandleVerifier [0x00C571EE+1096302]
	GetHandleVerifier [0x00C13E8D+821005]
	GetHandleVerifier [0x00C1396B+819691]
	GetHandleVerifier [0x00C13881+819457]
	GetHandleVerifier [0x00C3F463+998627]
	BaseThreadInitThunk [0x7595FA29+25]
	RtlGetAppContainerNamedObjectPath [0x774E7A9E+286]
	RtlGetAppContainerNamedObjectPath [0x774E7A6E+238]
]]>
            </message>
            <full-stacktrace>
              <![CDATA[org.openqa.selenium.SessionNotCreatedException: session not created: This version of ChromeDriver only supports Chrome version 88
Current browser version is 94.0.4606.61 with binary path C:\Program Files (x86)\Google\Chrome\Application\chrome.exe
Build info: version: '3.141.59', revision: 'e82be7d358', time: '2018-11-14T08:17:03'
System info: host: 'SAKSHI', ip: '127.0.0.1', os.name: 'Windows 10', os.arch: 'amd64', os.version: '10.0', java.version: '1.8.0_181'
Driver info: driver.version: ChromeDriver
remote stacktrace: Backtrace:
	GetHandleVerifier [0x00B4B963+483]
	GetHandleVerifier [0x00B4B941+449]
	GetHandleVerifier [0x00EF3308+3832712]
	GetHandleVerifier [0x00F0D69A+3940122]
	GetHandleVerifier [0x00F09AFB+3924859]
	GetHandleVerifier [0x00F07D9C+3917340]
	GetHandleVerifier [0x00F2E7FE+4075646]
	GetHandleVerifier [0x00F2E56C+4074988]
	GetHandleVerifier [0x00F2B2EB+4062059]
	GetHandleVerifier [0x00F0ED14+3945876]
	GetHandleVerifier [0x00F0FBCE+3949646]
	GetHandleVerifier [0x00F0FB59+3949529]
	Ordinal0 [0x00B0B5CC+46540]
	Ordinal0 [0x00B09F53+40787]
	Ordinal0 [0x00B09B12+39698]
	GetHandleVerifier [0x00E11468+2907368]
	GetHandleVerifier [0x00C571EE+1096302]
	GetHandleVerifier [0x00C13E8D+821005]
	GetHandleVerifier [0x00C1396B+819691]
	GetHandleVerifier [0x00C13881+819457]
	GetHandleVerifier [0x00C3F463+998627]
	BaseThreadInitThunk [0x7595FA29+25]
	RtlGetAppContainerNamedObjectPath [0x774E7A9E+286]
	RtlGetAppContainerNamedObjectPath [0x774E7A6E+238]

	at sun.reflect.NativeConstructorAccessorImpl.newInstance0(Native Method)
	at sun.reflect.NativeConstructorAccessorImpl.newInstance(NativeConstructorAccessorImpl.java:62)
	at sun.reflect.DelegatingConstructorAccessorImpl.newInstance(DelegatingConstructorAccessorImpl.java:45)
	at java.lang.reflect.Constructor.newInstance(Constructor.java:423)
	at org.openqa.selenium.remote.W3CHandshakeResponse.lambda$errorHandler$0(W3CHandshakeResponse.java:62)
	at org.openqa.selenium.remote.HandshakeResponse.lambda$getResponseFunction$0(HandshakeResponse.java:30)
	at org.openqa.selenium.remote.ProtocolHandshake.lambda$createSession$0(ProtocolHandshake.java:126)
	at java.util.stream.ReferencePipeline$3$1.accept(ReferencePipeline.java:193)
	at java.util.Spliterators$ArraySpliterator.tryAdvance(Spliterators.java:958)
	at java.util.stream.ReferencePipeline.forEachWithCancel(ReferencePipeline.java:126)
	at java.util.stream.AbstractPipeline.copyIntoWithCancel(AbstractPipeline.java:498)
	at java.util.stream.AbstractPipeline.copyInto(AbstractPipeline.java:485)
	at java.util.stream.AbstractPipeline.wrapAndCopyInto(AbstractPipeline.java:471)
	at java.util.stream.FindOps$FindOp.evaluateSequential(FindOps.java:152)
	at java.util.stream.AbstractPipeline.evaluate(AbstractPipeline.java:234)
	at java.util.stream.ReferencePipeline.findFirst(ReferencePipeline.java:464)
	at org.openqa.selenium.remote.ProtocolHandshake.createSession(ProtocolHandshake.java:128)
	at org.openqa.selenium.remote.ProtocolHandshake.createSession(ProtocolHandshake.java:74)
	at org.openqa.selenium.remote.HttpCommandExecutor.execute(HttpCommandExecutor.java:136)
	at org.openqa.selenium.remote.service.DriverCommandExecutor.execute(DriverCommandExecutor.java:83)
	at org.openqa.selenium.remote.RemoteWebDriver.execute(RemoteWebDriver.java:552)
	at org.openqa.selenium.remote.RemoteWebDriver.startSession(RemoteWebDriver.java:213)
	at org.openqa.selenium.remote.RemoteWebDriver.<init>(RemoteWebDriver.java:131)
	at org.openqa.selenium.chrome.ChromeDriver.<init>(ChromeDriver.java:181)
	at org.openqa.selenium.chrome.ChromeDriver.<init>(ChromeDriver.java:168)
	at org.openqa.selenium.chrome.ChromeDriver.<init>(ChromeDriver.java:123)
	at com.sanyam.frameworkpackage.BrowserFactory.getDriver(BrowserFactory.java:39)
	at com.sanyam.testproject.LoginPageTest.setUp(LoginPageTest.java:36)
	at sun.reflect.NativeMethodAccessorImpl.invoke0(Native Method)
	at sun.reflect.NativeMethodAccessorImpl.invoke(NativeMethodAccessorImpl.java:62)
	at sun.reflect.DelegatingMethodAccessorImpl.invoke(DelegatingMethodAccessorImpl.java:43)
	at java.lang.reflect.Method.invoke(Method.java:498)
	at org.testng.internal.MethodInvocationHelper.invokeMethod(MethodInvocationHelper.java:108)
	at org.testng.internal.Invoker.invokeConfigurationMethod(Invoker.java:523)
	at org.testng.internal.Invoker.invokeConfigurations(Invoker.java:224)
	at org.testng.internal.Invoker.invokeConfigurations(Invoker.java:146)
	at org.testng.internal.TestMethodWorker.invokeBeforeClassMethods(TestMethodWorker.java:166)
	at org.testng.internal.TestMethodWorker.run(TestMethodWorker.java:105)
	at org.testng.TestRunner.privateRun(TestRunner.java:744)
	at org.testng.TestRunner.run(TestRunner.java:602)
	at org.testng.SuiteRunner.runTest(SuiteRunner.java:380)
	at org.testng.SuiteRunner.runSequentially(SuiteRunner.java:375)
	at org.testng.SuiteRunner.privateRun(SuiteRunner.java:340)
	at org.testng.SuiteRunner.run(SuiteRunner.java:289)
	at org.testng.SuiteRunnerWorker.runSuite(SuiteRunnerWorker.java:52)
	at org.testng.SuiteRunnerWorker.run(SuiteRunnerWorker.java:86)
	at org.testng.TestNG.runSuitesSequentially(TestNG.java:1301)
	at org.testng.TestNG.runSuitesLocally(TestNG.java:1226)
	at org.testng.TestNG.runSuites(TestNG.java:1144)
	at org.testng.TestNG.run(TestNG.java:1115)
	at org.testng.remote.AbstractRemoteTestNG.run(AbstractRemoteTestNG.java:132)
	at org.testng.remote.RemoteTestNG.initAndRun(RemoteTestNG.java:230)
	at org.testng.remote.RemoteTestNG.main(RemoteTestNG.java:76)
]]>
            </full-stacktrace>
          </exception> <!-- org.openqa.selenium.SessionNotCreatedException -->
          <reporter-output>
          </reporter-output>
        </test-method> <!-- testSkip -->
        <test-method status="SKIP" signature="teardown()[pri:0, instance:com.sanyam.testproject.LoginPageTest@59fa1d9b]" name="teardown" is-config="true" duration-ms="0" started-at="2021-09-30T02:43:20Z" finished-at="2021-09-30T02:43:20Z">
          <reporter-output>
          </reporter-output>
        </test-method> <!-- teardown -->
        <test-method status="SKIP" signature="tearDown()[pri:0, instance:com.sanyam.testproject.LoginPageTest@59fa1d9b]" name="tearDown" is-config="true" duration-ms="0" started-at="2021-09-30T02:43:20Z" finished-at="2021-09-30T02:43:20Z">
          <reporter-output>
          </reporter-output>
        </test-method> <!-- tearDown -->
      </class> <!-- com.sanyam.testproject.LoginPageTest -->
    </test> <!-- Default test -->
  </suite> <!-- Default suite -->
</testng-results>
